Welcome to fish, the friendly interactive shell
Type `help` for instructions on how to use fish
⋊> ~/ngx-admin on feat/material-theme ◦ npm install                                                                                     12:31:36

> fsevents@1.2.4 install /Users/goremo/ngx-admin/node_modules/fsevents
> node install

node-pre-gyp WARN Tried to download(404): https://fsevents-binaries.s3-us-west-2.amazonaws.com/v1.2.4/fse-v1.2.4-node-v72-darwin-x64.tar.gz 
node-pre-gyp WARN Pre-built binaries not found for fsevents@1.2.4 and node@12.18.1 (node-v72 ABI, unknown) (falling back to source compile with node-gyp) 
  SOLINK_MODULE(target) Release/.node
  CXX(target) Release/obj.target/fse/fsevents.o
In file included from ../fsevents.cc:6:
In file included from ../../nan/nan.h:202:
In file included from ../../nan/nan_converters.h:67:
../../nan/nan_converters_43_inl.h:22:1: warning: 'ToBoolean' is deprecated: ToBoolean can never throw. Use Local version.
      [-Wdeprecated-declarations]
X(Boolean)
^
../../nan/nan_converters_43_inl.h:18:12: note: expanded from macro 'X'
      val->To ## TYPE(isolate->GetCurrentContext())                            \
           ^
<scratch space>:205:1: note: expanded from here
ToBoolean
^
/Users/goremo/Library/Caches/node-gyp/12.18.1/include/node/v8.h:2663:3: note: 'ToBoolean' has been explicitly marked deprecated here
  V8_DEPRECATED("ToBoolean can never throw. Use Local version.",
  ^
/Users/goremo/Library/Caches/node-gyp/12.18.1/include/node/v8config.h:328:29: note: expanded from macro 'V8_DEPRECATED'
  declarator __attribute__((deprecated(message)))
                            ^
In file included from ../fsevents.cc:6:
In file included from ../../nan/nan.h:202:
In file included from ../../nan/nan_converters.h:67:
../../nan/nan_converters_43_inl.h:40:1: warning: 'BooleanValue' is deprecated: BooleanValue can never throw. Use Isolate version.
      [-Wdeprecated-declarations]
X(bool, Boolean)
^
../../nan/nan_converters_43_inl.h:37:15: note: expanded from macro 'X'
  return val->NAME ## Value(isolate->GetCurrentContext());                     \
              ^
<scratch space>:212:1: note: expanded from here
BooleanValue
^
/Users/goremo/Library/Caches/node-gyp/12.18.1/include/node/v8.h:2701:3: note: 'BooleanValue' has been explicitly marked deprecated here
  V8_DEPRECATED("BooleanValue can never throw. Use Isolate version.",
  ^
/Users/goremo/Library/Caches/node-gyp/12.18.1/include/node/v8config.h:328:29: note: expanded from macro 'V8_DEPRECATED'
  declarator __attribute__((deprecated(message)))
                            ^
In file included from ../fsevents.cc:6:
In file included from ../../nan/nan.h:203:
In file included from ../../nan/nan_new.h:189:
../../nan/nan_implementation_12_inl.h:103:42: error: no viable conversion from 'v8::Isolate *' to 'Local<v8::Context>'
  return scope.Escape(v8::Function::New( isolate
                                         ^~~~~~~
/Users/goremo/Library/Caches/node-gyp/12.18.1/include/node/v8.h:186:7: note: candidate constructor (the implicit copy constructor) not viable:
      no known conversion from 'v8::Isolate *' to 'const v8::Local<v8::Context> &' for 1st argument
class Local {
      ^
/Users/goremo/Library/Caches/node-gyp/12.18.1/include/node/v8.h:186:7: note: candidate constructor (the implicit move constructor) not viable:
      no known conversion from 'v8::Isolate *' to 'v8::Local<v8::Context> &&' for 1st argument
/Users/goremo/Library/Caches/node-gyp/12.18.1/include/node/v8.h:190:13: note: candidate template ignored: could not match
      'Local<type-parameter-0-0>' against 'v8::Isolate *'
  V8_INLINE Local(Local<S> that)
            ^
/Users/goremo/Library/Caches/node-gyp/12.18.1/include/node/v8.h:4276:22: note: passing argument to parameter 'context' here
      Local<Context> context, FunctionCallback callback,
                     ^
In file included from ../fsevents.cc:6:
In file included from ../../nan/nan.h:203:
In file included from ../../nan/nan_new.h:189:
../../nan/nan_implementation_12_inl.h:337:37: error: too few arguments to function call, expected 2, have 1
  return v8::StringObject::New(value).As<v8::StringObject>();
         ~~~~~~~~~~~~~~~~~~~~~      ^
/Users/goremo/Library/Caches/node-gyp/12.18.1/include/node/v8.h:5531:3: note: 'New' declared here
  static Local<Value> New(Isolate* isolate, Local<String> value);
  ^
In file included from ../fsevents.cc:6:
In file included from ../../nan/nan.h:203:
In file included from ../../nan/nan_new.h:189:
../../nan/nan_implementation_12_inl.h:337:58: error: expected '(' for function-style cast or type construction
  return v8::StringObject::New(value).As<v8::StringObject>();
                                         ~~~~~~~~~~~~~~~~^
../../nan/nan_implementation_12_inl.h:337:60: error: expected expression
  return v8::StringObject::New(value).As<v8::StringObject>();
                                                           ^
In file included from ../fsevents.cc:6:
../../nan/nan.h:1034:44: error: no matching member function for call to 'ToString'
      v8::Local<v8::String> string = from->ToString();
                                     ~~~~~~^~~~~~~~
/Users/goremo/Library/Caches/node-gyp/12.18.1/include/node/v8.h:2668:44: note: candidate function not viable: requires single argument
      'context', but no arguments were provided
  V8_WARN_UNUSED_RESULT MaybeLocal<String> ToString(
                                           ^
/Users/goremo/Library/Caches/node-gyp/12.18.1/include/node/v8.h:2684:31: note: candidate function not viable: requires single argument
      'isolate', but no arguments were provided
                Local<String> ToString(Isolate* isolate) const);
                              ^
In file included from ../fsevents.cc:6:
../../nan/nan.h:1044:37: error: cannot initialize a parameter of type 'v8::Isolate *' with an lvalue of type 'char *'
        length_ = string->WriteUtf8(str_, static_cast<int>(len), 0, flags);
                                    ^~~~
/Users/goremo/Library/Caches/node-gyp/12.18.1/include/node/v8.h:2878:26: note: passing argument to parameter 'isolate' here
  int WriteUtf8(Isolate* isolate, char* buffer, int length = -1,
                         ^
In file included from ../fsevents.cc:6:
../../nan/nan.h:1818:28: warning: 'Set' is deprecated: Use maybe version [-Wdeprecated-declarations]
    New(persistentHandle)->Set(New(key).ToLocalChecked(), value);
                           ^
/Users/goremo/Library/Caches/node-gyp/12.18.1/include/node/v8.h:3498:3: note: 'Set' has been explicitly marked deprecated here
  V8_DEPRECATED("Use maybe version",
  ^
/Users/goremo/Library/Caches/node-gyp/12.18.1/include/node/v8config.h:328:29: note: expanded from macro 'V8_DEPRECATED'
  declarator __attribute__((deprecated(message)))
                            ^
In file included from ../fsevents.cc:6:
../../nan/nan.h:1824:28: warning: 'Set' is deprecated: Use maybe version [-Wdeprecated-declarations]
    New(persistentHandle)->Set(key, value);
                           ^
/Users/goremo/Library/Caches/node-gyp/12.18.1/include/node/v8.h:3498:3: note: 'Set' has been explicitly marked deprecated here
  V8_DEPRECATED("Use maybe version",
  ^
/Users/goremo/Library/Caches/node-gyp/12.18.1/include/node/v8config.h:328:29: note: expanded from macro 'V8_DEPRECATED'
  declarator __attribute__((deprecated(message)))
                            ^
In file included from ../fsevents.cc:6:
../../nan/nan.h:1830:28: warning: 'Set' is deprecated: Use maybe version [-Wdeprecated-declarations]
    New(persistentHandle)->Set(index, value);
                           ^
/Users/goremo/Library/Caches/node-gyp/12.18.1/include/node/v8.h:3507:3: note: 'Set' has been explicitly marked deprecated here
  V8_DEPRECATED("Use maybe version",
  ^
/Users/goremo/Library/Caches/node-gyp/12.18.1/include/node/v8config.h:328:29: note: expanded from macro 'V8_DEPRECATED'
  declarator __attribute__((deprecated(message)))
                            ^
In file included from ../fsevents.cc:6:
../../nan/nan.h:1836:32: warning: 'Get' is deprecated: Use maybe version [-Wdeprecated-declarations]
        New(persistentHandle)->Get(New(key).ToLocalChecked()));
                               ^
/Users/goremo/Library/Caches/node-gyp/12.18.1/include/node/v8.h:3553:3: note: 'Get' has been explicitly marked deprecated here
  V8_DEPRECATED("Use maybe version", Local<Value> Get(Local<Value> key));
  ^
/Users/goremo/Library/Caches/node-gyp/12.18.1/include/node/v8config.h:328:29: note: expanded from macro 'V8_DEPRECATED'
  declarator __attribute__((deprecated(message)))
                            ^
In file included from ../fsevents.cc:6:
../../nan/nan.h:1842:48: warning: 'Get' is deprecated: Use maybe version [-Wdeprecated-declarations]
    return scope.Escape(New(persistentHandle)->Get(key));
                                               ^
/Users/goremo/Library/Caches/node-gyp/12.18.1/include/node/v8.h:3553:3: note: 'Get' has been explicitly marked deprecated here
  V8_DEPRECATED("Use maybe version", Local<Value> Get(Local<Value> key));
  ^
/Users/goremo/Library/Caches/node-gyp/12.18.1/include/node/v8config.h:328:29: note: expanded from macro 'V8_DEPRECATED'
  declarator __attribute__((deprecated(message)))
                            ^
In file included from ../fsevents.cc:6:
../../nan/nan.h:1847:48: warning: 'Get' is deprecated: Use maybe version [-Wdeprecated-declarations]
    return scope.Escape(New(persistentHandle)->Get(index));
                                               ^
/Users/goremo/Library/Caches/node-gyp/12.18.1/include/node/v8.h:3557:3: note: 'Get' has been explicitly marked deprecated here
  V8_DEPRECATED("Use maybe version", Local<Value> Get(uint32_t index));
  ^
/Users/goremo/Library/Caches/node-gyp/12.18.1/include/node/v8config.h:328:29: note: expanded from macro 'V8_DEPRECATED'
  declarator __attribute__((deprecated(message)))
                            ^
In file included from ../fsevents.cc:6:
In file included from ../../nan/nan.h:2657:
../../nan/nan_object_wrap.h:24:25: error: no member named 'IsNearDeath' in 'Nan::Persistent<v8::Object,
      v8::NonCopyablePersistentTraits<v8::Object> >'
    assert(persistent().IsNearDeath());
           ~~~~~~~~~~~~ ^
/Applications/Xcode.app/Contents/Developer/Platforms/MacOSX.platform/Developer/SDKs/MacOSX.sdk/usr/include/assert.h:93:25: note: expanded from
      macro 'assert'
    (__builtin_expect(!(e), 0) ? __assert_rtn(__func__, __FILE__, __LINE__, #e) : (void)0)
                        ^
In file included from ../fsevents.cc:6:
In file included from ../../nan/nan.h:2657:
../../nan/nan_object_wrap.h:67:18: warning: 'MarkIndependent' is deprecated: Weak objects are always considered independent. Use TracedGlobal
      when trying to use EmbedderHeapTracer. Use a strong handle when trying to keep an object alive. [-Wdeprecated-declarations]
    persistent().MarkIndependent();
                 ^
/Users/goremo/Library/Caches/node-gyp/12.18.1/include/node/v8.h:566:3: note: 'MarkIndependent' has been explicitly marked deprecated here
  V8_DEPRECATED(
  ^
/Users/goremo/Library/Caches/node-gyp/12.18.1/include/node/v8config.h:328:29: note: expanded from macro 'V8_DEPRECATED'
  declarator __attribute__((deprecated(message)))
                            ^
In file included from ../fsevents.cc:6:
In file included from ../../nan/nan.h:2657:
../../nan/nan_object_wrap.h:124:26: error: no member named 'IsNearDeath' in 'Nan::Persistent<v8::Object,
      v8::NonCopyablePersistentTraits<v8::Object> >'
    assert(wrap->handle_.IsNearDeath());
           ~~~~~~~~~~~~~ ^
/Applications/Xcode.app/Contents/Developer/Platforms/MacOSX.platform/Developer/SDKs/MacOSX.sdk/usr/include/assert.h:93:25: note: expanded from
      macro 'assert'
    (__builtin_expect(!(e), 0) ? __assert_rtn(__func__, __FILE__, __LINE__, #e) : (void)0)
                        ^
../fsevents.cc:50:32: error: no template named 'Handle' in namespace 'v8'
    static void Initialize(v8::Handle<v8::Object> exports);
                           ~~~~^
../fsevents.cc:63:6: warning: field 'async_resource' will be initialized after field 'lockStarted' [-Wreorder]
   : async_resource("fsevents:FSEvents"), lockStarted(false) {
     ^
In file included from ../fsevents.cc:82:
../src/constants.cc:89:11: warning: 'Set' is deprecated: Use maybe version [-Wdeprecated-declarations]
  object->Set(Nan::New<v8::String>("kFSEventStreamEventFlagNone").ToLocalChecked(), Nan::New<v8::Integer>(kFSEventStreamEventFlagNone));
          ^
/Users/goremo/Library/Caches/node-gyp/12.18.1/include/node/v8.h:3498:3: note: 'Set' has been explicitly marked deprecated here
  V8_DEPRECATED("Use maybe version",
  ^
/Users/goremo/Library/Caches/node-gyp/12.18.1/include/node/v8config.h:328:29: note: expanded from macro 'V8_DEPRECATED'
  declarator __attribute__((deprecated(message)))
                            ^
In file included from ../fsevents.cc:82:
../src/constants.cc:90:11: warning: 'Set' is deprecated: Use maybe version [-Wdeprecated-declarations]
  object->Set(Nan::New<v8::String>("kFSEventStreamEventFlagMustScanSubDirs").ToLocalChecked(), Nan::New<v8::Integer>(kFSEventStreamEvent...
          ^
/Users/goremo/Library/Caches/node-gyp/12.18.1/include/node/v8.h:3498:3: note: 'Set' has been explicitly marked deprecated here
  V8_DEPRECATED("Use maybe version",
  ^
/Users/goremo/Library/Caches/node-gyp/12.18.1/include/node/v8config.h:328:29: note: expanded from macro 'V8_DEPRECATED'
  declarator __attribute__((deprecated(message)))
                            ^
In file included from ../fsevents.cc:82:
../src/constants.cc:91:11: warning: 'Set' is deprecated: Use maybe version [-Wdeprecated-declarations]
  object->Set(Nan::New<v8::String>("kFSEventStreamEventFlagUserDropped").ToLocalChecked(), Nan::New<v8::Integer>(kFSEventStreamEventFlag...
          ^
/Users/goremo/Library/Caches/node-gyp/12.18.1/include/node/v8.h:3498:3: note: 'Set' has been explicitly marked deprecated here
  V8_DEPRECATED("Use maybe version",
  ^
/Users/goremo/Library/Caches/node-gyp/12.18.1/include/node/v8config.h:328:29: note: expanded from macro 'V8_DEPRECATED'
  declarator __attribute__((deprecated(message)))
                            ^
In file included from ../fsevents.cc:82:
../src/constants.cc:92:11: warning: 'Set' is deprecated: Use maybe version [-Wdeprecated-declarations]
  object->Set(Nan::New<v8::String>("kFSEventStreamEventFlagKernelDropped").ToLocalChecked(), Nan::New<v8::Integer>(kFSEventStreamEventFl...
          ^
/Users/goremo/Library/Caches/node-gyp/12.18.1/include/node/v8.h:3498:3: note: 'Set' has been explicitly marked deprecated here
  V8_DEPRECATED("Use maybe version",
  ^
/Users/goremo/Library/Caches/node-gyp/12.18.1/include/node/v8config.h:328:29: note: expanded from macro 'V8_DEPRECATED'
  declarator __attribute__((deprecated(message)))
                            ^
In file included from ../fsevents.cc:82:
../src/constants.cc:93:11: warning: 'Set' is deprecated: Use maybe version [-Wdeprecated-declarations]
  object->Set(Nan::New<v8::String>("kFSEventStreamEventFlagEventIdsWrapped").ToLocalChecked(), Nan::New<v8::Integer>(kFSEventStreamEvent...
          ^
/Users/goremo/Library/Caches/node-gyp/12.18.1/include/node/v8.h:3498:3: note: 'Set' has been explicitly marked deprecated here
  V8_DEPRECATED("Use maybe version",
  ^
/Users/goremo/Library/Caches/node-gyp/12.18.1/include/node/v8config.h:328:29: note: expanded from macro 'V8_DEPRECATED'
  declarator __attribute__((deprecated(message)))
                            ^
In file included from ../fsevents.cc:82:
../src/constants.cc:94:11: warning: 'Set' is deprecated: Use maybe version [-Wdeprecated-declarations]
  object->Set(Nan::New<v8::String>("kFSEventStreamEventFlagHistoryDone").ToLocalChecked(), Nan::New<v8::Integer>(kFSEventStreamEventFlag...
          ^
/Users/goremo/Library/Caches/node-gyp/12.18.1/include/node/v8.h:3498:3: note: 'Set' has been explicitly marked deprecated here
  V8_DEPRECATED("Use maybe version",
  ^
/Users/goremo/Library/Caches/node-gyp/12.18.1/include/node/v8config.h:328:29: note: expanded from macro 'V8_DEPRECATED'
  declarator __attribute__((deprecated(message)))
                            ^
In file included from ../fsevents.cc:82:
../src/constants.cc:95:11: warning: 'Set' is deprecated: Use maybe version [-Wdeprecated-declarations]
  object->Set(Nan::New<v8::String>("kFSEventStreamEventFlagRootChanged").ToLocalChecked(), Nan::New<v8::Integer>(kFSEventStreamEventFlag...
          ^
/Users/goremo/Library/Caches/node-gyp/12.18.1/include/node/v8.h:3498:3: note: 'Set' has been explicitly marked deprecated here
  V8_DEPRECATED("Use maybe version",
  ^
/Users/goremo/Library/Caches/node-gyp/12.18.1/include/node/v8config.h:328:29: note: expanded from macro 'V8_DEPRECATED'
  declarator __attribute__((deprecated(message)))
                            ^
In file included from ../fsevents.cc:82:
../src/constants.cc:96:11: warning: 'Set' is deprecated: Use maybe version [-Wdeprecated-declarations]
  object->Set(Nan::New<v8::String>("kFSEventStreamEventFlagMount").ToLocalChecked(), Nan::New<v8::Integer>(kFSEventStreamEventFlagMount));
          ^
/Users/goremo/Library/Caches/node-gyp/12.18.1/include/node/v8.h:3498:3: note: 'Set' has been explicitly marked deprecated here
  V8_DEPRECATED("Use maybe version",
  ^
/Users/goremo/Library/Caches/node-gyp/12.18.1/include/node/v8config.h:328:29: note: expanded from macro 'V8_DEPRECATED'
  declarator __attribute__((deprecated(message)))
                            ^
In file included from ../fsevents.cc:82:
../src/constants.cc:97:11: warning: 'Set' is deprecated: Use maybe version [-Wdeprecated-declarations]
  object->Set(Nan::New<v8::String>("kFSEventStreamEventFlagUnmount").ToLocalChecked(), Nan::New<v8::Integer>(kFSEventStreamEventFlagUnmount));
          ^
/Users/goremo/Library/Caches/node-gyp/12.18.1/include/node/v8.h:3498:3: note: 'Set' has been explicitly marked deprecated here
  V8_DEPRECATED("Use maybe version",
  ^
/Users/goremo/Library/Caches/node-gyp/12.18.1/include/node/v8config.h:328:29: note: expanded from macro 'V8_DEPRECATED'
  declarator __attribute__((deprecated(message)))
                            ^
In file included from ../fsevents.cc:82:
../src/constants.cc:98:11: warning: 'Set' is deprecated: Use maybe version [-Wdeprecated-declarations]
  object->Set(Nan::New<v8::String>("kFSEventStreamEventFlagItemCreated").ToLocalChecked(), Nan::New<v8::Integer>(kFSEventStreamEventFlag...
          ^
/Users/goremo/Library/Caches/node-gyp/12.18.1/include/node/v8.h:3498:3: note: 'Set' has been explicitly marked deprecated here
  V8_DEPRECATED("Use maybe version",
  ^
/Users/goremo/Library/Caches/node-gyp/12.18.1/include/node/v8config.h:328:29: note: expanded from macro 'V8_DEPRECATED'
  declarator __attribute__((deprecated(message)))
                            ^
In file included from ../fsevents.cc:82:
../src/constants.cc:99:11: warning: 'Set' is deprecated: Use maybe version [-Wdeprecated-declarations]
  object->Set(Nan::New<v8::String>("kFSEventStreamEventFlagItemRemoved").ToLocalChecked(), Nan::New<v8::Integer>(kFSEventStreamEventFlag...
          ^
/Users/goremo/Library/Caches/node-gyp/12.18.1/include/node/v8.h:3498:3: note: 'Set' has been explicitly marked deprecated here
  V8_DEPRECATED("Use maybe version",
  ^
/Users/goremo/Library/Caches/node-gyp/12.18.1/include/node/v8config.h:328:29: note: expanded from macro 'V8_DEPRECATED'
  declarator __attribute__((deprecated(message)))
                            ^
In file included from ../fsevents.cc:82:
../src/constants.cc:100:11: warning: 'Set' is deprecated: Use maybe version [-Wdeprecated-declarations]
  object->Set(Nan::New<v8::String>("kFSEventStreamEventFlagItemInodeMetaMod").ToLocalChecked(), Nan::New<v8::Integer>(kFSEventStreamEven...
          ^
/Users/goremo/Library/Caches/node-gyp/12.18.1/include/node/v8.h:3498:3: note: 'Set' has been explicitly marked deprecated here
  V8_DEPRECATED("Use maybe version",
  ^
/Users/goremo/Library/Caches/node-gyp/12.18.1/include/node/v8config.h:328:29: note: expanded from macro 'V8_DEPRECATED'
  declarator __attribute__((deprecated(message)))
                            ^
In file included from ../fsevents.cc:82:
../src/constants.cc:101:11: warning: 'Set' is deprecated: Use maybe version [-Wdeprecated-declarations]
  object->Set(Nan::New<v8::String>("kFSEventStreamEventFlagItemRenamed").ToLocalChecked(), Nan::New<v8::Integer>(kFSEventStreamEventFlag...
          ^
/Users/goremo/Library/Caches/node-gyp/12.18.1/include/node/v8.h:3498:3: note: 'Set' has been explicitly marked deprecated here
  V8_DEPRECATED("Use maybe version",
  ^
/Users/goremo/Library/Caches/node-gyp/12.18.1/include/node/v8config.h:328:29: note: expanded from macro 'V8_DEPRECATED'
  declarator __attribute__((deprecated(message)))
                            ^
In file included from ../fsevents.cc:82:
../src/constants.cc:102:11: warning: 'Set' is deprecated: Use maybe version [-Wdeprecated-declarations]
  object->Set(Nan::New<v8::String>("kFSEventStreamEventFlagItemModified").ToLocalChecked(), Nan::New<v8::Integer>(kFSEventStreamEventFla...
          ^
/Users/goremo/Library/Caches/node-gyp/12.18.1/include/node/v8.h:3498:3: note: 'Set' has been explicitly marked deprecated here
  V8_DEPRECATED("Use maybe version",
  ^
/Users/goremo/Library/Caches/node-gyp/12.18.1/include/node/v8config.h:328:29: note: expanded from macro 'V8_DEPRECATED'
  declarator __attribute__((deprecated(message)))
                            ^
In file included from ../fsevents.cc:82:
../src/constants.cc:103:11: warning: 'Set' is deprecated: Use maybe version [-Wdeprecated-declarations]
  object->Set(Nan::New<v8::String>("kFSEventStreamEventFlagItemFinderInfoMod").ToLocalChecked(), Nan::New<v8::Integer>(kFSEventStreamEve...
          ^
/Users/goremo/Library/Caches/node-gyp/12.18.1/include/node/v8.h:3498:3: note: 'Set' has been explicitly marked deprecated here
  V8_DEPRECATED("Use maybe version",
  ^
/Users/goremo/Library/Caches/node-gyp/12.18.1/include/node/v8config.h:328:29: note: expanded from macro 'V8_DEPRECATED'
  declarator __attribute__((deprecated(message)))
                            ^
In file included from ../fsevents.cc:82:
../src/constants.cc:104:11: warning: 'Set' is deprecated: Use maybe version [-Wdeprecated-declarations]
  object->Set(Nan::New<v8::String>("kFSEventStreamEventFlagItemChangeOwner").ToLocalChecked(), Nan::New<v8::Integer>(kFSEventStreamEvent...
          ^
/Users/goremo/Library/Caches/node-gyp/12.18.1/include/node/v8.h:3498:3: note: 'Set' has been explicitly marked deprecated here
  V8_DEPRECATED("Use maybe version",
  ^
/Users/goremo/Library/Caches/node-gyp/12.18.1/include/node/v8config.h:328:29: note: expanded from macro 'V8_DEPRECATED'
  declarator __attribute__((deprecated(message)))
                            ^
In file included from ../fsevents.cc:82:
../src/constants.cc:105:11: warning: 'Set' is deprecated: Use maybe version [-Wdeprecated-declarations]
  object->Set(Nan::New<v8::String>("kFSEventStreamEventFlagItemXattrMod").ToLocalChecked(), Nan::New<v8::Integer>(kFSEventStreamEventFla...
          ^
/Users/goremo/Library/Caches/node-gyp/12.18.1/include/node/v8.h:3498:3: note: 'Set' has been explicitly marked deprecated here
  V8_DEPRECATED("Use maybe version",
  ^
/Users/goremo/Library/Caches/node-gyp/12.18.1/include/node/v8config.h:328:29: note: expanded from macro 'V8_DEPRECATED'
  declarator __attribute__((deprecated(message)))
                            ^
In file included from ../fsevents.cc:82:
../src/constants.cc:106:11: warning: 'Set' is deprecated: Use maybe version [-Wdeprecated-declarations]
  object->Set(Nan::New<v8::String>("kFSEventStreamEventFlagItemIsFile").ToLocalChecked(), Nan::New<v8::Integer>(kFSEventStreamEventFlagI...
          ^
/Users/goremo/Library/Caches/node-gyp/12.18.1/include/node/v8.h:3498:3: note: 'Set' has been explicitly marked deprecated here
  V8_DEPRECATED("Use maybe version",
  ^
/Users/goremo/Library/Caches/node-gyp/12.18.1/include/node/v8config.h:328:29: note: expanded from macro 'V8_DEPRECATED'
  declarator __attribute__((deprecated(message)))
                            ^
In file included from ../fsevents.cc:82:
../src/constants.cc:107:11: warning: 'Set' is deprecated: Use maybe version [-Wdeprecated-declarations]
  object->Set(Nan::New<v8::String>("kFSEventStreamEventFlagItemIsDir").ToLocalChecked(), Nan::New<v8::Integer>(kFSEventStreamEventFlagIt...
          ^
/Users/goremo/Library/Caches/node-gyp/12.18.1/include/node/v8.h:3498:3: note: 'Set' has been explicitly marked deprecated here
  V8_DEPRECATED("Use maybe version",
  ^
/Users/goremo/Library/Caches/node-gyp/12.18.1/include/node/v8config.h:328:29: note: expanded from macro 'V8_DEPRECATED'
  declarator __attribute__((deprecated(message)))
                            ^
In file included from ../fsevents.cc:82:
../src/constants.cc:108:11: warning: 'Set' is deprecated: Use maybe version [-Wdeprecated-declarations]
  object->Set(Nan::New<v8::String>("kFSEventStreamEventFlagItemIsSymlink").ToLocalChecked(), Nan::New<v8::Integer>(kFSEventStreamEventFl...
          ^
/Users/goremo/Library/Caches/node-gyp/12.18.1/include/node/v8.h:3498:3: note: 'Set' has been explicitly marked deprecated here
  V8_DEPRECATED("Use maybe version",
  ^
/Users/goremo/Library/Caches/node-gyp/12.18.1/include/node/v8config.h:328:29: note: expanded from macro 'V8_DEPRECATED'
  declarator __attribute__((deprecated(message)))
                            ^
../fsevents.cc:85:16: error: variable has incomplete type 'void'
void FSEvents::Initialize(v8::Handle<v8::Object> exports) {
               ^
../fsevents.cc:85:31: error: no member named 'Handle' in namespace 'v8'
void FSEvents::Initialize(v8::Handle<v8::Object> exports) {
                          ~~~~^
../fsevents.cc:85:48: error: expected '(' for function-style cast or type construction
void FSEvents::Initialize(v8::Handle<v8::Object> exports) {
                                     ~~~~~~~~~~^
../fsevents.cc:85:50: error: use of undeclared identifier 'exports'
void FSEvents::Initialize(v8::Handle<v8::Object> exports) {
                                                 ^
../fsevents.cc:85:58: error: expected ';' after top level declarator
void FSEvents::Initialize(v8::Handle<v8::Object> exports) {
                                                         ^
                                                         ;
30 warnings and 14 errors generated.
make: *** [Release/obj.target/fse/fsevents.o] Error 1
gyp ERR! build error 
gyp ERR! stack Error: `make` failed with exit code: 2
gyp ERR! stack     at ChildProcess.onExit (/usr/local/lib/node_modules/npm/node_modules/node-gyp/lib/build.js:194:23)
gyp ERR! stack     at ChildProcess.emit (events.js:315:20)
gyp ERR! stack     at Process.ChildProcess._handle.onexit (internal/child_process.js:275:12)
gyp ERR! System Darwin 19.5.0
gyp ERR! command "/usr/local/bin/node" "/usr/local/lib/node_modules/npm/node_modules/node-gyp/bin/node-gyp.js" "build" "--fallback-to-build" "--module=/Users/goremo/ngx-admin/node_modules/fsevents/lib/binding/Release/node-v72-darwin-x64/fse.node" "--module_name=fse" "--module_path=/Users/goremo/ngx-admin/node_modules/fsevents/lib/binding/Release/node-v72-darwin-x64" "--napi_version=6" "--node_abi_napi=napi"
gyp ERR! cwd /Users/goremo/ngx-admin/node_modules/fsevents
gyp ERR! node -v v12.18.1
gyp ERR! node-gyp -v v5.1.0
gyp ERR! not ok 
node-pre-gyp ERR! build error 
node-pre-gyp ERR! stack Error: Failed to execute '/usr/local/bin/node /usr/local/lib/node_modules/npm/node_modules/node-gyp/bin/node-gyp.js build --fallback-to-build --module=/Users/goremo/ngx-admin/node_modules/fsevents/lib/binding/Release/node-v72-darwin-x64/fse.node --module_name=fse --module_path=/Users/goremo/ngx-admin/node_modules/fsevents/lib/binding/Release/node-v72-darwin-x64 --napi_version=6 --node_abi_napi=napi' (1)
node-pre-gyp ERR! stack     at ChildProcess.<anonymous> (/Users/goremo/ngx-admin/node_modules/fsevents/node_modules/node-pre-gyp/lib/util/compile.js:83:29)
node-pre-gyp ERR! stack     at ChildProcess.emit (events.js:315:20)
node-pre-gyp ERR! stack     at maybeClose (internal/child_process.js:1021:16)
node-pre-gyp ERR! stack     at Process.ChildProcess._handle.onexit (internal/child_process.js:286:5)
node-pre-gyp ERR! System Darwin 19.5.0
node-pre-gyp ERR! command "/usr/local/bin/node" "/Users/goremo/ngx-admin/node_modules/fsevents/node_modules/node-pre-gyp/bin/node-pre-gyp" "install" "--fallback-to-build"
node-pre-gyp ERR! cwd /Users/goremo/ngx-admin/node_modules/fsevents
node-pre-gyp ERR! node -v v12.18.1
node-pre-gyp ERR! node-pre-gyp -v v0.10.0
node-pre-gyp ERR! not ok 
Failed to execute '/usr/local/bin/node /usr/local/lib/node_modules/npm/node_modules/node-gyp/bin/node-gyp.js build --fallback-to-build --module=/Users/goremo/ngx-admin/node_modules/fsevents/lib/binding/Release/node-v72-darwin-x64/fse.node --module_name=fse --module_path=/Users/goremo/ngx-admin/node_modules/fsevents/lib/binding/Release/node-v72-darwin-x64 --napi_version=6 --node_abi_napi=napi' (1)

> fsevents@1.2.11 install /Users/goremo/ngx-admin/node_modules/watchpack/node_modules/fsevents
> node-gyp rebuild

  SOLINK_MODULE(target) Release/.node
  CXX(target) Release/obj.target/fse/fsevents.o
In file included from ../fsevents.cc:6:
In file included from ../../../../nan/nan.h:202:
In file included from ../../../../nan/nan_converters.h:67:
../../../../nan/nan_converters_43_inl.h:22:1: warning: 'ToBoolean' is deprecated: ToBoolean can never throw. Use Local version.
      [-Wdeprecated-declarations]
X(Boolean)
^
../../../../nan/nan_converters_43_inl.h:18:12: note: expanded from macro 'X'
      val->To ## TYPE(isolate->GetCurrentContext())                            \
           ^
<scratch space>:205:1: note: expanded from here
ToBoolean
^
/Users/goremo/Library/Caches/node-gyp/12.18.1/include/node/v8.h:2663:3: note: 'ToBoolean' has been explicitly marked deprecated here
  V8_DEPRECATED("ToBoolean can never throw. Use Local version.",
  ^
/Users/goremo/Library/Caches/node-gyp/12.18.1/include/node/v8config.h:328:29: note: expanded from macro 'V8_DEPRECATED'
  declarator __attribute__((deprecated(message)))
                            ^
In file included from ../fsevents.cc:6:
In file included from ../../../../nan/nan.h:202:
In file included from ../../../../nan/nan_converters.h:67:
../../../../nan/nan_converters_43_inl.h:40:1: warning: 'BooleanValue' is deprecated: BooleanValue can never throw. Use Isolate version.
      [-Wdeprecated-declarations]
X(bool, Boolean)
^
../../../../nan/nan_converters_43_inl.h:37:15: note: expanded from macro 'X'
  return val->NAME ## Value(isolate->GetCurrentContext());                     \
              ^
<scratch space>:212:1: note: expanded from here
BooleanValue
^
/Users/goremo/Library/Caches/node-gyp/12.18.1/include/node/v8.h:2701:3: note: 'BooleanValue' has been explicitly marked deprecated here
  V8_DEPRECATED("BooleanValue can never throw. Use Isolate version.",
  ^
/Users/goremo/Library/Caches/node-gyp/12.18.1/include/node/v8config.h:328:29: note: expanded from macro 'V8_DEPRECATED'
  declarator __attribute__((deprecated(message)))
                            ^
In file included from ../fsevents.cc:6:
In file included from ../../../../nan/nan.h:203:
In file included from ../../../../nan/nan_new.h:189:
../../../../nan/nan_implementation_12_inl.h:103:42: error: no viable conversion from 'v8::Isolate *' to 'Local<v8::Context>'
  return scope.Escape(v8::Function::New( isolate
                                         ^~~~~~~
/Users/goremo/Library/Caches/node-gyp/12.18.1/include/node/v8.h:186:7: note: candidate constructor (the implicit copy constructor) not viable:
      no known conversion from 'v8::Isolate *' to 'const v8::Local<v8::Context> &' for 1st argument
class Local {
      ^
/Users/goremo/Library/Caches/node-gyp/12.18.1/include/node/v8.h:186:7: note: candidate constructor (the implicit move constructor) not viable:
      no known conversion from 'v8::Isolate *' to 'v8::Local<v8::Context> &&' for 1st argument
/Users/goremo/Library/Caches/node-gyp/12.18.1/include/node/v8.h:190:13: note: candidate template ignored: could not match
      'Local<type-parameter-0-0>' against 'v8::Isolate *'
  V8_INLINE Local(Local<S> that)
            ^
/Users/goremo/Library/Caches/node-gyp/12.18.1/include/node/v8.h:4276:22: note: passing argument to parameter 'context' here
      Local<Context> context, FunctionCallback callback,
                     ^
In file included from ../fsevents.cc:6:
In file included from ../../../../nan/nan.h:203:
In file included from ../../../../nan/nan_new.h:189:
../../../../nan/nan_implementation_12_inl.h:337:37: error: too few arguments to function call, expected 2, have 1
  return v8::StringObject::New(value).As<v8::StringObject>();
         ~~~~~~~~~~~~~~~~~~~~~      ^
/Users/goremo/Library/Caches/node-gyp/12.18.1/include/node/v8.h:5531:3: note: 'New' declared here
  static Local<Value> New(Isolate* isolate, Local<String> value);
  ^
In file included from ../fsevents.cc:6:
In file included from ../../../../nan/nan.h:203:
In file included from ../../../../nan/nan_new.h:189:
../../../../nan/nan_implementation_12_inl.h:337:58: error: expected '(' for function-style cast or type construction
  return v8::StringObject::New(value).As<v8::StringObject>();
                                         ~~~~~~~~~~~~~~~~^
../../../../nan/nan_implementation_12_inl.h:337:60: error: expected expression
  return v8::StringObject::New(value).As<v8::StringObject>();
                                                           ^
In file included from ../fsevents.cc:6:
../../../../nan/nan.h:1034:44: error: no matching member function for call to 'ToString'
      v8::Local<v8::String> string = from->ToString();
                                     ~~~~~~^~~~~~~~
/Users/goremo/Library/Caches/node-gyp/12.18.1/include/node/v8.h:2668:44: note: candidate function not viable: requires single argument
      'context', but no arguments were provided
  V8_WARN_UNUSED_RESULT MaybeLocal<String> ToString(
                                           ^
/Users/goremo/Library/Caches/node-gyp/12.18.1/include/node/v8.h:2684:31: note: candidate function not viable: requires single argument
      'isolate', but no arguments were provided
                Local<String> ToString(Isolate* isolate) const);
                              ^
In file included from ../fsevents.cc:6:
../../../../nan/nan.h:1044:37: error: cannot initialize a parameter of type 'v8::Isolate *' with an lvalue of type 'char *'
        length_ = string->WriteUtf8(str_, static_cast<int>(len), 0, flags);
                                    ^~~~
/Users/goremo/Library/Caches/node-gyp/12.18.1/include/node/v8.h:2878:26: note: passing argument to parameter 'isolate' here
  int WriteUtf8(Isolate* isolate, char* buffer, int length = -1,
                         ^
In file included from ../fsevents.cc:6:
../../../../nan/nan.h:1818:28: warning: 'Set' is deprecated: Use maybe version [-Wdeprecated-declarations]
    New(persistentHandle)->Set(New(key).ToLocalChecked(), value);
                           ^
/Users/goremo/Library/Caches/node-gyp/12.18.1/include/node/v8.h:3498:3: note: 'Set' has been explicitly marked deprecated here
  V8_DEPRECATED("Use maybe version",
  ^
/Users/goremo/Library/Caches/node-gyp/12.18.1/include/node/v8config.h:328:29: note: expanded from macro 'V8_DEPRECATED'
  declarator __attribute__((deprecated(message)))
                            ^
In file included from ../fsevents.cc:6:
../../../../nan/nan.h:1824:28: warning: 'Set' is deprecated: Use maybe version [-Wdeprecated-declarations]
    New(persistentHandle)->Set(key, value);
                           ^
/Users/goremo/Library/Caches/node-gyp/12.18.1/include/node/v8.h:3498:3: note: 'Set' has been explicitly marked deprecated here
  V8_DEPRECATED("Use maybe version",
  ^
/Users/goremo/Library/Caches/node-gyp/12.18.1/include/node/v8config.h:328:29: note: expanded from macro 'V8_DEPRECATED'
  declarator __attribute__((deprecated(message)))
                            ^
In file included from ../fsevents.cc:6:
../../../../nan/nan.h:1830:28: warning: 'Set' is deprecated: Use maybe version [-Wdeprecated-declarations]
    New(persistentHandle)->Set(index, value);
                           ^
/Users/goremo/Library/Caches/node-gyp/12.18.1/include/node/v8.h:3507:3: note: 'Set' has been explicitly marked deprecated here
  V8_DEPRECATED("Use maybe version",
  ^
/Users/goremo/Library/Caches/node-gyp/12.18.1/include/node/v8config.h:328:29: note: expanded from macro 'V8_DEPRECATED'
  declarator __attribute__((deprecated(message)))
                            ^
In file included from ../fsevents.cc:6:
../../../../nan/nan.h:1836:32: warning: 'Get' is deprecated: Use maybe version [-Wdeprecated-declarations]
        New(persistentHandle)->Get(New(key).ToLocalChecked()));
                               ^
/Users/goremo/Library/Caches/node-gyp/12.18.1/include/node/v8.h:3553:3: note: 'Get' has been explicitly marked deprecated here
  V8_DEPRECATED("Use maybe version", Local<Value> Get(Local<Value> key));
  ^
/Users/goremo/Library/Caches/node-gyp/12.18.1/include/node/v8config.h:328:29: note: expanded from macro 'V8_DEPRECATED'
  declarator __attribute__((deprecated(message)))
                            ^
In file included from ../fsevents.cc:6:
../../../../nan/nan.h:1842:48: warning: 'Get' is deprecated: Use maybe version [-Wdeprecated-declarations]
    return scope.Escape(New(persistentHandle)->Get(key));
                                               ^
/Users/goremo/Library/Caches/node-gyp/12.18.1/include/node/v8.h:3553:3: note: 'Get' has been explicitly marked deprecated here
  V8_DEPRECATED("Use maybe version", Local<Value> Get(Local<Value> key));
  ^
/Users/goremo/Library/Caches/node-gyp/12.18.1/include/node/v8config.h:328:29: note: expanded from macro 'V8_DEPRECATED'
  declarator __attribute__((deprecated(message)))
                            ^
In file included from ../fsevents.cc:6:
../../../../nan/nan.h:1847:48: warning: 'Get' is deprecated: Use maybe version [-Wdeprecated-declarations]
    return scope.Escape(New(persistentHandle)->Get(index));
                                               ^
/Users/goremo/Library/Caches/node-gyp/12.18.1/include/node/v8.h:3557:3: note: 'Get' has been explicitly marked deprecated here
  V8_DEPRECATED("Use maybe version", Local<Value> Get(uint32_t index));
  ^
/Users/goremo/Library/Caches/node-gyp/12.18.1/include/node/v8config.h:328:29: note: expanded from macro 'V8_DEPRECATED'
  declarator __attribute__((deprecated(message)))
                            ^
In file included from ../fsevents.cc:6:
In file included from ../../../../nan/nan.h:2657:
../../../../nan/nan_object_wrap.h:24:25: error: no member named 'IsNearDeath' in 'Nan::Persistent<v8::Object,
      v8::NonCopyablePersistentTraits<v8::Object> >'
    assert(persistent().IsNearDeath());
           ~~~~~~~~~~~~ ^
/Applications/Xcode.app/Contents/Developer/Platforms/MacOSX.platform/Developer/SDKs/MacOSX.sdk/usr/include/assert.h:93:25: note: expanded from
      macro 'assert'
    (__builtin_expect(!(e), 0) ? __assert_rtn(__func__, __FILE__, __LINE__, #e) : (void)0)
                        ^
In file included from ../fsevents.cc:6:
In file included from ../../../../nan/nan.h:2657:
../../../../nan/nan_object_wrap.h:67:18: warning: 'MarkIndependent' is deprecated: Weak objects are always considered independent. Use
      TracedGlobal when trying to use EmbedderHeapTracer. Use a strong handle when trying to keep an object alive. [-Wdeprecated-declarations]
    persistent().MarkIndependent();
                 ^
/Users/goremo/Library/Caches/node-gyp/12.18.1/include/node/v8.h:566:3: note: 'MarkIndependent' has been explicitly marked deprecated here
  V8_DEPRECATED(
  ^
/Users/goremo/Library/Caches/node-gyp/12.18.1/include/node/v8config.h:328:29: note: expanded from macro 'V8_DEPRECATED'
  declarator __attribute__((deprecated(message)))
                            ^
In file included from ../fsevents.cc:6:
In file included from ../../../../nan/nan.h:2657:
../../../../nan/nan_object_wrap.h:124:26: error: no member named 'IsNearDeath' in 'Nan::Persistent<v8::Object,
      v8::NonCopyablePersistentTraits<v8::Object> >'
    assert(wrap->handle_.IsNearDeath());
           ~~~~~~~~~~~~~ ^
/Applications/Xcode.app/Contents/Developer/Platforms/MacOSX.platform/Developer/SDKs/MacOSX.sdk/usr/include/assert.h:93:25: note: expanded from
      macro 'assert'
    (__builtin_expect(!(e), 0) ? __assert_rtn(__func__, __FILE__, __LINE__, #e) : (void)0)
                        ^
9 warnings and 8 errors generated.
make: *** [Release/obj.target/fse/fsevents.o] Error 1
gyp ERR! build error 
gyp ERR! stack Error: `make` failed with exit code: 2
gyp ERR! stack     at ChildProcess.onExit (/usr/local/lib/node_modules/npm/node_modules/node-gyp/lib/build.js:194:23)
gyp ERR! stack     at ChildProcess.emit (events.js:315:20)
gyp ERR! stack     at Process.ChildProcess._handle.onexit (internal/child_process.js:275:12)
gyp ERR! System Darwin 19.5.0
gyp ERR! command "/usr/local/bin/node" "/usr/local/lib/node_modules/npm/node_modules/node-gyp/bin/node-gyp.js" "rebuild"
gyp ERR! cwd /Users/goremo/ngx-admin/node_modules/watchpack/node_modules/fsevents
gyp ERR! node -v v12.18.1
gyp ERR! node-gyp -v v5.1.0
gyp ERR! not ok 

> fsevents@1.2.11 install /Users/goremo/ngx-admin/node_modules/webpack-dev-server/node_modules/fsevents
> node-gyp rebuild

  SOLINK_MODULE(target) Release/.node
  CXX(target) Release/obj.target/fse/fsevents.o
In file included from ../fsevents.cc:6:
In file included from ../../../../nan/nan.h:202:
In file included from ../../../../nan/nan_converters.h:67:
../../../../nan/nan_converters_43_inl.h:22:1: warning: 'ToBoolean' is deprecated: ToBoolean can never throw. Use Local version.
      [-Wdeprecated-declarations]
X(Boolean)
^
../../../../nan/nan_converters_43_inl.h:18:12: note: expanded from macro 'X'
      val->To ## TYPE(isolate->GetCurrentContext())                            \
           ^
<scratch space>:205:1: note: expanded from here
ToBoolean
^
/Users/goremo/Library/Caches/node-gyp/12.18.1/include/node/v8.h:2663:3: note: 'ToBoolean' has been explicitly marked deprecated here
  V8_DEPRECATED("ToBoolean can never throw. Use Local version.",
  ^
/Users/goremo/Library/Caches/node-gyp/12.18.1/include/node/v8config.h:328:29: note: expanded from macro 'V8_DEPRECATED'
  declarator __attribute__((deprecated(message)))
                            ^
In file included from ../fsevents.cc:6:
In file included from ../../../../nan/nan.h:202:
In file included from ../../../../nan/nan_converters.h:67:
../../../../nan/nan_converters_43_inl.h:40:1: warning: 'BooleanValue' is deprecated: BooleanValue can never throw. Use Isolate version.
      [-Wdeprecated-declarations]
X(bool, Boolean)
^
../../../../nan/nan_converters_43_inl.h:37:15: note: expanded from macro 'X'
  return val->NAME ## Value(isolate->GetCurrentContext());                     \
              ^
<scratch space>:212:1: note: expanded from here
BooleanValue
^
/Users/goremo/Library/Caches/node-gyp/12.18.1/include/node/v8.h:2701:3: note: 'BooleanValue' has been explicitly marked deprecated here
  V8_DEPRECATED("BooleanValue can never throw. Use Isolate version.",
  ^
/Users/goremo/Library/Caches/node-gyp/12.18.1/include/node/v8config.h:328:29: note: expanded from macro 'V8_DEPRECATED'
  declarator __attribute__((deprecated(message)))
                            ^
In file included from ../fsevents.cc:6:
In file included from ../../../../nan/nan.h:203:
In file included from ../../../../nan/nan_new.h:189:
../../../../nan/nan_implementation_12_inl.h:103:42: error: no viable conversion from 'v8::Isolate *' to 'Local<v8::Context>'
  return scope.Escape(v8::Function::New( isolate
                                         ^~~~~~~
/Users/goremo/Library/Caches/node-gyp/12.18.1/include/node/v8.h:186:7: note: candidate constructor (the implicit copy constructor) not viable:
      no known conversion from 'v8::Isolate *' to 'const v8::Local<v8::Context> &' for 1st argument
class Local {
      ^
/Users/goremo/Library/Caches/node-gyp/12.18.1/include/node/v8.h:186:7: note: candidate constructor (the implicit move constructor) not viable:
      no known conversion from 'v8::Isolate *' to 'v8::Local<v8::Context> &&' for 1st argument
/Users/goremo/Library/Caches/node-gyp/12.18.1/include/node/v8.h:190:13: note: candidate template ignored: could not match
      'Local<type-parameter-0-0>' against 'v8::Isolate *'
  V8_INLINE Local(Local<S> that)
            ^
/Users/goremo/Library/Caches/node-gyp/12.18.1/include/node/v8.h:4276:22: note: passing argument to parameter 'context' here
      Local<Context> context, FunctionCallback callback,
                     ^
In file included from ../fsevents.cc:6:
In file included from ../../../../nan/nan.h:203:
In file included from ../../../../nan/nan_new.h:189:
../../../../nan/nan_implementation_12_inl.h:337:37: error: too few arguments to function call, expected 2, have 1
  return v8::StringObject::New(value).As<v8::StringObject>();
         ~~~~~~~~~~~~~~~~~~~~~      ^
/Users/goremo/Library/Caches/node-gyp/12.18.1/include/node/v8.h:5531:3: note: 'New' declared here
  static Local<Value> New(Isolate* isolate, Local<String> value);
  ^
In file included from ../fsevents.cc:6:
In file included from ../../../../nan/nan.h:203:
In file included from ../../../../nan/nan_new.h:189:
../../../../nan/nan_implementation_12_inl.h:337:58: error: expected '(' for function-style cast or type construction
  return v8::StringObject::New(value).As<v8::StringObject>();
                                         ~~~~~~~~~~~~~~~~^
../../../../nan/nan_implementation_12_inl.h:337:60: error: expected expression
  return v8::StringObject::New(value).As<v8::StringObject>();
                                                           ^
In file included from ../fsevents.cc:6:
../../../../nan/nan.h:1034:44: error: no matching member function for call to 'ToString'
      v8::Local<v8::String> string = from->ToString();
                                     ~~~~~~^~~~~~~~
/Users/goremo/Library/Caches/node-gyp/12.18.1/include/node/v8.h:2668:44: note: candidate function not viable: requires single argument
      'context', but no arguments were provided
  V8_WARN_UNUSED_RESULT MaybeLocal<String> ToString(
                                           ^
/Users/goremo/Library/Caches/node-gyp/12.18.1/include/node/v8.h:2684:31: note: candidate function not viable: requires single argument
      'isolate', but no arguments were provided
                Local<String> ToString(Isolate* isolate) const);
                              ^
In file included from ../fsevents.cc:6:
../../../../nan/nan.h:1044:37: error: cannot initialize a parameter of type 'v8::Isolate *' with an lvalue of type 'char *'
        length_ = string->WriteUtf8(str_, static_cast<int>(len), 0, flags);
                                    ^~~~
/Users/goremo/Library/Caches/node-gyp/12.18.1/include/node/v8.h:2878:26: note: passing argument to parameter 'isolate' here
  int WriteUtf8(Isolate* isolate, char* buffer, int length = -1,
                         ^
In file included from ../fsevents.cc:6:
../../../../nan/nan.h:1818:28: warning: 'Set' is deprecated: Use maybe version [-Wdeprecated-declarations]
    New(persistentHandle)->Set(New(key).ToLocalChecked(), value);
                           ^
/Users/goremo/Library/Caches/node-gyp/12.18.1/include/node/v8.h:3498:3: note: 'Set' has been explicitly marked deprecated here
  V8_DEPRECATED("Use maybe version",
  ^
/Users/goremo/Library/Caches/node-gyp/12.18.1/include/node/v8config.h:328:29: note: expanded from macro 'V8_DEPRECATED'
  declarator __attribute__((deprecated(message)))
                            ^
In file included from ../fsevents.cc:6:
../../../../nan/nan.h:1824:28: warning: 'Set' is deprecated: Use maybe version [-Wdeprecated-declarations]
    New(persistentHandle)->Set(key, value);
                           ^
/Users/goremo/Library/Caches/node-gyp/12.18.1/include/node/v8.h:3498:3: note: 'Set' has been explicitly marked deprecated here
  V8_DEPRECATED("Use maybe version",
  ^
/Users/goremo/Library/Caches/node-gyp/12.18.1/include/node/v8config.h:328:29: note: expanded from macro 'V8_DEPRECATED'
  declarator __attribute__((deprecated(message)))
                            ^
In file included from ../fsevents.cc:6:
../../../../nan/nan.h:1830:28: warning: 'Set' is deprecated: Use maybe version [-Wdeprecated-declarations]
    New(persistentHandle)->Set(index, value);
                           ^
/Users/goremo/Library/Caches/node-gyp/12.18.1/include/node/v8.h:3507:3: note: 'Set' has been explicitly marked deprecated here
  V8_DEPRECATED("Use maybe version",
  ^
/Users/goremo/Library/Caches/node-gyp/12.18.1/include/node/v8config.h:328:29: note: expanded from macro 'V8_DEPRECATED'
  declarator __attribute__((deprecated(message)))
                            ^
In file included from ../fsevents.cc:6:
../../../../nan/nan.h:1836:32: warning: 'Get' is deprecated: Use maybe version [-Wdeprecated-declarations]
        New(persistentHandle)->Get(New(key).ToLocalChecked()));
                               ^
/Users/goremo/Library/Caches/node-gyp/12.18.1/include/node/v8.h:3553:3: note: 'Get' has been explicitly marked deprecated here
  V8_DEPRECATED("Use maybe version", Local<Value> Get(Local<Value> key));
  ^
/Users/goremo/Library/Caches/node-gyp/12.18.1/include/node/v8config.h:328:29: note: expanded from macro 'V8_DEPRECATED'
  declarator __attribute__((deprecated(message)))
                            ^
In file included from ../fsevents.cc:6:
../../../../nan/nan.h:1842:48: warning: 'Get' is deprecated: Use maybe version [-Wdeprecated-declarations]
    return scope.Escape(New(persistentHandle)->Get(key));
                                               ^
/Users/goremo/Library/Caches/node-gyp/12.18.1/include/node/v8.h:3553:3: note: 'Get' has been explicitly marked deprecated here
  V8_DEPRECATED("Use maybe version", Local<Value> Get(Local<Value> key));
  ^
/Users/goremo/Library/Caches/node-gyp/12.18.1/include/node/v8config.h:328:29: note: expanded from macro 'V8_DEPRECATED'
  declarator __attribute__((deprecated(message)))
                            ^
In file included from ../fsevents.cc:6:
../../../../nan/nan.h:1847:48: warning: 'Get' is deprecated: Use maybe version [-Wdeprecated-declarations]
    return scope.Escape(New(persistentHandle)->Get(index));
                                               ^
/Users/goremo/Library/Caches/node-gyp/12.18.1/include/node/v8.h:3557:3: note: 'Get' has been explicitly marked deprecated here
  V8_DEPRECATED("Use maybe version", Local<Value> Get(uint32_t index));
  ^
/Users/goremo/Library/Caches/node-gyp/12.18.1/include/node/v8config.h:328:29: note: expanded from macro 'V8_DEPRECATED'
  declarator __attribute__((deprecated(message)))
                            ^
In file included from ../fsevents.cc:6:
In file included from ../../../../nan/nan.h:2657:
../../../../nan/nan_object_wrap.h:24:25: error: no member named 'IsNearDeath' in 'Nan::Persistent<v8::Object,
      v8::NonCopyablePersistentTraits<v8::Object> >'
    assert(persistent().IsNearDeath());
           ~~~~~~~~~~~~ ^
/Applications/Xcode.app/Contents/Developer/Platforms/MacOSX.platform/Developer/SDKs/MacOSX.sdk/usr/include/assert.h:93:25: note: expanded from
      macro 'assert'
    (__builtin_expect(!(e), 0) ? __assert_rtn(__func__, __FILE__, __LINE__, #e) : (void)0)
                        ^
In file included from ../fsevents.cc:6:
In file included from ../../../../nan/nan.h:2657:
../../../../nan/nan_object_wrap.h:67:18: warning: 'MarkIndependent' is deprecated: Weak objects are always considered independent. Use
      TracedGlobal when trying to use EmbedderHeapTracer. Use a strong handle when trying to keep an object alive. [-Wdeprecated-declarations]
    persistent().MarkIndependent();
                 ^
/Users/goremo/Library/Caches/node-gyp/12.18.1/include/node/v8.h:566:3: note: 'MarkIndependent' has been explicitly marked deprecated here
  V8_DEPRECATED(
  ^
/Users/goremo/Library/Caches/node-gyp/12.18.1/include/node/v8config.h:328:29: note: expanded from macro 'V8_DEPRECATED'
  declarator __attribute__((deprecated(message)))
                            ^
In file included from ../fsevents.cc:6:
In file included from ../../../../nan/nan.h:2657:
../../../../nan/nan_object_wrap.h:124:26: error: no member named 'IsNearDeath' in 'Nan::Persistent<v8::Object,
      v8::NonCopyablePersistentTraits<v8::Object> >'
    assert(wrap->handle_.IsNearDeath());
           ~~~~~~~~~~~~~ ^
/Applications/Xcode.app/Contents/Developer/Platforms/MacOSX.platform/Developer/SDKs/MacOSX.sdk/usr/include/assert.h:93:25: note: expanded from
      macro 'assert'
    (__builtin_expect(!(e), 0) ? __assert_rtn(__func__, __FILE__, __LINE__, #e) : (void)0)
                        ^
9 warnings and 8 errors generated.
make: *** [Release/obj.target/fse/fsevents.o] Error 1
gyp ERR! build error 
gyp ERR! stack Error: `make` failed with exit code: 2
gyp ERR! stack     at ChildProcess.onExit (/usr/local/lib/node_modules/npm/node_modules/node-gyp/lib/build.js:194:23)
gyp ERR! stack     at ChildProcess.emit (events.js:315:20)
gyp ERR! stack     at Process.ChildProcess._handle.onexit (internal/child_process.js:275:12)
gyp ERR! System Darwin 19.5.0
gyp ERR! command "/usr/local/bin/node" "/usr/local/lib/node_modules/npm/node_modules/node-gyp/bin/node-gyp.js" "rebuild"
gyp ERR! cwd /Users/goremo/ngx-admin/node_modules/webpack-dev-server/node_modules/fsevents
gyp ERR! node -v v12.18.1
gyp ERR! node-gyp -v v5.1.0
gyp ERR! not ok 

> husky@0.13.3 install /Users/goremo/ngx-admin/node_modules/husky
> node ./bin/install.js

husky
setting up hooks
done


> node-sass@4.12.0 install /Users/goremo/ngx-admin/node_modules/node-sass
> node scripts/install.js

Cached binary found at /Users/goremo/.npm/node-sass/4.12.0/darwin-x64-72_binding.node

> core-js@3.6.4 postinstall /Users/goremo/ngx-admin/node_modules/@angular-devkit/build-angular/node_modules/core-js
> node -e "try{require('./postinstall')}catch(e){}"

Thank you for using core-js ( https://github.com/zloirock/core-js ) for polyfilling JavaScript standard library!

The project needs your help! Please consider supporting of core-js on Open Collective or Patreon: 
> https://opencollective.com/core-js 
> https://www.patreon.com/zloirock 

Also, the author of core-js ( https://github.com/zloirock ) is looking for a good job -)


> @angular/cli@9.0.4 postinstall /Users/goremo/ngx-admin/node_modules/@angular/cli
> node ./bin/postinstall/script.js


> node-sass@4.12.0 postinstall /Users/goremo/ngx-admin/node_modules/node-sass
> node scripts/build.js

Binary found at /Users/goremo/ngx-admin/node_modules/node-sass/vendor/darwin-x64-72/binding.node
Testing binary
Binary is fine

> ngx-admin@4.0.1 postinstall /Users/goremo/ngx-admin
> ngcc --properties es2015 es5 browser module main --first-only --create-ivy-entry-points

Warning: Entry point 'ngx-echarts/core' contains deep imports into '/Users/goremo/ngx-admin/node_modules/echarts/lib/echarts'. This is probably not a problem, but may cause the compilation of entry points to be out of order.
Compiling @angular/animations : es2015 as esm2015
Compiling @angular/cdk/keycodes : es2015 as esm2015
Compiling @angular/compiler/testing : es2015 as esm2015
Compiling @angular/core : es2015 as esm2015
Compiling @angular/common : es2015 as esm2015
Compiling @angular/cdk/collections : es2015 as esm2015
Compiling @angular/animations/browser : es2015 as esm2015
Compiling @angular/cdk/observers : es2015 as esm2015
Compiling @asymmetrik/ngx-leaflet : module as esm5
Compiling @angular/core/testing : es2015 as esm2015
Compiling @angular/cdk/platform : es2015 as esm2015
Compiling angular2-chartjs : main as commonjs
Compiling @angular/cdk/accordion : es2015 as esm2015
Compiling @angular/cdk/bidi : es2015 as esm2015
Compiling @angular/platform-browser : es2015 as esm2015
Compiling @angular/cdk/portal : es2015 as esm2015
Compiling @angular/cdk/a11y : es2015 as esm2015
Compiling @angular/forms : es2015 as esm2015
Compiling @angular/common/http : es2015 as esm2015
Compiling @angular/cdk/layout : es2015 as esm2015
Compiling @angular/cdk/scrolling : es2015 as esm2015
Compiling @angular/platform-browser/animations : es2015 as esm2015
Compiling @angular/router : es2015 as esm2015
Compiling @angular/cdk/table : es2015 as esm2015
Compiling @angular/cdk/text-field : es2015 as esm2015
Compiling @angular/cdk/stepper : es2015 as esm2015
Compiling @angular/cdk/tree : es2015 as esm2015
Compiling @angular/cdk/overlay : es2015 as esm2015
Compiling @angular/common/testing : es2015 as esm2015
Compiling @angular/platform-browser/testing : es2015 as esm2015
Compiling @angular/material/core : es2015 as esm2015
Compiling @angular/animations/browser/testing : es2015 as esm2015
Compiling @akveo/ng2-completer : es2015 as esm2015
Compiling @angular/platform-browser-dynamic : es2015 as esm2015
Compiling @angular/cdk/clipboard : es2015 as esm2015
Compiling @angular/cdk/drag-drop : es2015 as esm2015
Compiling @angular/common/http/testing : es2015 as esm2015
Compiling @angular/material/form-field : es2015 as esm2015
Compiling @angular/material/button : es2015 as esm2015
Compiling @nebular/theme : es2015 as esm2015
Compiling @angular/material/icon : es2015 as esm2015
Compiling @angular/material/tooltip : es2015 as esm2015
Compiling @angular/material/divider : es2015 as esm2015
Compiling @angular/material/dialog : es2015 as esm2015
Compiling @angular/material/input : es2015 as esm2015
Compiling @angular/google-maps : es2015 as esm2015
Compiling @angular/material/select : es2015 as esm2015
Compiling @angular/material/sort : es2015 as esm2015
Compiling @angular/material/badge : es2015 as esm2015
Compiling @angular/material/autocomplete : es2015 as esm2015
Compiling @angular/material/card : es2015 as esm2015
Compiling @angular/material/bottom-sheet : es2015 as esm2015
Compiling @angular/material/button-toggle : es2015 as esm2015
Compiling @angular/material/paginator : es2015 as esm2015
Compiling @angular/material/checkbox : es2015 as esm2015
Compiling @angular/material/chips : es2015 as esm2015
Compiling @angular/material/expansion : es2015 as esm2015
Compiling @angular/material/grid-list : es2015 as esm2015
Compiling @angular/material/datepicker : es2015 as esm2015
Compiling @angular/material/icon/testing : es2015 as esm2015
Compiling @angular/material/list : es2015 as esm2015
Compiling @angular/material/progress-spinner : es2015 as esm2015
Compiling @angular/material/menu : es2015 as esm2015
Compiling @angular/material/progress-bar : es2015 as esm2015
Compiling @angular/material/radio : es2015 as esm2015
Compiling @angular/material/slide-toggle : es2015 as esm2015
Compiling @angular/material/sidenav : es2015 as esm2015
Compiling @angular/material/slider : es2015 as esm2015
Compiling @angular/material/snack-bar : es2015 as esm2015
Compiling @angular/material/stepper : es2015 as esm2015
Compiling @angular/material/table : es2015 as esm2015
Compiling @angular/material/toolbar : es2015 as esm2015
Compiling @angular/material/tabs : es2015 as esm2015
Compiling @angular/platform-browser-dynamic/testing : es2015 as esm2015
Compiling @angular/material/tree : es2015 as esm2015
Compiling @angular/router/testing : es2015 as esm2015
Compiling @nebular/security : es2015 as esm2015
Compiling ng2-ckeditor : main as commonjs
Compiling @nebular/auth : es2015 as esm2015
Compiling @nebular/eva-icons : es2015 as esm2015
Compiling @swimlane/ngx-charts : es2015 as esm2015
Compiling ng2-smart-table : es2015 as esm2015
Compiling ngx-echarts/core : es2015 as esm2015
Compiling ngx-echarts : es2015 as esm2015
npm WARN optional SKIPPING OPTIONAL DEPENDENCY: fsevents@1.2.4 (node_modules/fsevents):
npm WARN optional SKIPPING OPTIONAL DEPENDENCY: fsevents@1.2.4 install: `node install`
npm WARN optional SKIPPING OPTIONAL DEPENDENCY: Exit status 1
npm WARN optional SKIPPING OPTIONAL DEPENDENCY: fsevents@1.2.11 (node_modules/watchpack/node_modules/fsevents):
npm WARN optional SKIPPING OPTIONAL DEPENDENCY: fsevents@1.2.11 install: `node-gyp rebuild`
npm WARN optional SKIPPING OPTIONAL DEPENDENCY: Exit status 1
npm WARN optional SKIPPING OPTIONAL DEPENDENCY: fsevents@1.2.11 (node_modules/webpack-dev-server/node_modules/fsevents):
npm WARN optional SKIPPING OPTIONAL DEPENDENCY: fsevents@1.2.11 install: `node-gyp rebuild`
npm WARN optional SKIPPING OPTIONAL DEPENDENCY: Exit status 1

added 2375 packages from 1319 contributors and audited 2583 packages in 118.668s

34 packages are looking for funding
  run `npm fund` for details

found 531 vulnerabilities (413 low, 17 moderate, 98 high, 3 critical)
  run `npm audit fix` to fix them, or `npm audit` for details
⋊> ~/ngx-admin on feat/material-theme ◦                                                                                                 12:33:43